[25-Sep-2024 07:48:02 UTC] PHP Warning:  require(C:\inetpub\wwwroot\prj\themes\manuscript\views\layouts/menuProject.php): Failed to open stream: No such file or directory in C:\inetpub\wwwroot\prj\themes\manuscript\views\layouts\main.php on line 43
[25-Sep-2024 07:48:02 UTC] PHP Fatal error:  Uncaught Error: Failed opening required 'C:\inetpub\wwwroot\prj\themes\manuscript\views\layouts/menuProject.php' (include_path='.;C:\inetpub\wwwroot\prj\protected\components;C:\inetpub\wwwroot\prj\protected\models;C:\php\pear') in C:\inetpub\wwwroot\prj\themes\manuscript\views\layouts\main.php:43
Stack trace:
#0 C:\inetpub\wwwroot\prj\framework\web\CBaseController.php(126): require()
#1 C:\inetpub\wwwroot\prj\framework\web\CBaseController.php(95): CBaseController->renderInternal()
#2 C:\inetpub\wwwroot\prj\framework\web\widgets\CContentDecorator.php(76): CBaseController->renderFile()
#3 C:\inetpub\wwwroot\prj\framework\web\widgets\CContentDecorator.php(54): CContentDecorator->decorate()
#4 C:\inetpub\wwwroot\prj\framework\web\widgets\COutputProcessor.php(44): CContentDecorator->processOutput()
#5 C:\inetpub\wwwroot\prj\framework\web\CBaseController.php(215): COutputProcessor->run()
#6 C:\inetpub\wwwroot\prj\framework\web\CBaseController.php(309): CBaseController->endWidget()
#7 C:\inetpub\wwwroot\prj\protected\views\layouts\column1.php(6): CBaseController->endContent()
#8 C:\inetpub\wwwroot\prj\framework\web\CBaseController.php(126): require('...')
#9 C:\inetpub\wwwroot\prj\framework\web\CBaseController.php(95): CBaseController->renderInternal()
#10 C:\inetpub\wwwroot\prj\framework\web\CController.php(787): CBaseController->renderFile()
#11 C:\inetpub\wwwroot\prj\protected\controllers\SiteController.php(43): CController->render()
#12 C:\inetpub\wwwroot\prj\framework\web\actions\CInlineAction.php(49): SiteController->actionError()
#13 C:\inetpub\wwwroot\prj\framework\web\CController.php(308): CInlineAction->runWithParams()
#14 C:\inetpub\wwwroot\prj\framework\web\CController.php(286): CController->runAction()
#15 C:\inetpub\wwwroot\prj\framework\web\CController.php(265): CController->runActionWithFilters()
#16 C:\inetpub\wwwroot\prj\framework\web\CWebApplication.php(282): CController->run()
#17 C:\inetpub\wwwroot\prj\framework\base\CErrorHandler.php(368): CWebApplication->runController()
#18 C:\inetpub\wwwroot\prj\framework\base\CErrorHandler.php(296): CErrorHandler->renderError()
#19 C:\inetpub\wwwroot\prj\framework\base\CErrorHandler.php(133): CErrorHandler->handleError()
#20 C:\inetpub\wwwroot\prj\framework\base\CApplication.php(832): CErrorHandler->handle()
#21 C:\inetpub\wwwroot\prj\themes\manuscript\views\layouts\main.php(43): CApplication->handleError()
#22 C:\inetpub\wwwroot\prj\themes\manuscript\views\layouts\main.php(43): require('...')
#23 C:\inetpub\wwwroot\prj\framework\web\CBaseController.php(126): require('...')
#24 C:\inetpub\wwwroot\prj\framework\web\CBaseController.php(95): CBaseController->renderInternal()
#25 C:\inetpub\wwwroot\prj\framework\web\widgets\CContentDecorator.php(76): CBaseController->renderFile()
#26 C:\inetpub\wwwroot\prj\framework\web\widgets\CContentDecorator.php(54): CContentDecorator->decorate()
#27 C:\inetpub\wwwroot\prj\framework\web\widgets\COutputProcessor.php(44): CContentDecorator->processOutput()
#28 C:\inetpub\wwwroot\prj\framework\web\CBaseController.php(215): COutputProcessor->run()
#29 C:\inetpub\wwwroot\prj\framework\web\CBaseController.php(309): CBaseController->endWidget()
#30 C:\inetpub\wwwroot\prj\protected\views\layouts\column1.php(6): CBaseController->endContent()
#31 C:\inetpub\wwwroot\prj\framework\web\CBaseController.php(126): require('...')
#32 C:\inetpub\wwwroot\prj\framework\web\CBaseController.php(95): CBaseController->renderInternal()
#33 C:\inetpub\wwwroot\prj\framework\web\CController.php(787): CBaseController->renderFile()
#34 C:\inetpub\wwwroot\prj\protected\controllers\ConfigController.php(100): CController->render()
#35 C:\inetpub\wwwroot\prj\framework\web\actions\CInlineAction.php(49): ConfigController->actionIndex()
#36 C:\inetpub\wwwroot\prj\framework\web\CController.php(308): CInlineAction->runWithParams()
#37 C:\inetpub\wwwroot\prj\framework\web\filters\CFilterChain.php(134): CController->runAction()
#38 C:\inetpub\wwwroot\prj\framework\web\filters\CFilter.php(40): CFilterChain->run()
#39 C:\inetpub\wwwroot\prj\framework\web\CController.php(1148): CFilter->filter()
#40 C:\inetpub\wwwroot\prj\framework\web\filters\CInlineFilter.php(58): CController->filterAccessControl()
#41 C:\inetpub\wwwroot\prj\framework\web\filters\CFilterChain.php(131): CInlineFilter->filter()
#42 C:\inetpub\wwwroot\prj\framework\web\CController.php(291): CFilterChain->run()
#43 C:\inetpub\wwwroot\prj\framework\web\CController.php(265): CController->runActionWithFilters()
#44 C:\inetpub\wwwroot\prj\framework\web\CWebApplication.php(282): CController->run()
#45 C:\inetpub\wwwroot\prj\framework\web\CWebApplication.php(141): CWebApplication->runController()
#46 C:\inetpub\wwwroot\prj\framework\base\CApplication.php(185): CWebApplication->processRequest()
#47 C:\inetpub\wwwroot\prj\index.php(22): CApplication->run()
#48 {main}
  thrown in C:\inetpub\wwwroot\prj\themes\manuscript\views\layouts\main.php on line 43
[25-Sep-2024 07:49:43 UTC] PHP Warning:  require(C:\inetpub\wwwroot\prj\themes\manuscript\views\layouts/menuProject.php): Failed to open stream: No such file or directory in C:\inetpub\wwwroot\prj\themes\manuscript\views\layouts\main.php on line 43
[25-Sep-2024 07:49:43 UTC] PHP Fatal error:  Uncaught Error: Failed opening required 'C:\inetpub\wwwroot\prj\themes\manuscript\views\layouts/menuProject.php' (include_path='.;C:\inetpub\wwwroot\prj\protected\components;C:\inetpub\wwwroot\prj\protected\models;C:\php\pear') in C:\inetpub\wwwroot\prj\themes\manuscript\views\layouts\main.php:43
Stack trace:
#0 C:\inetpub\wwwroot\prj\framework\web\CBaseController.php(126): require()
#1 C:\inetpub\wwwroot\prj\framework\web\CBaseController.php(95): CBaseController->renderInternal()
#2 C:\inetpub\wwwroot\prj\framework\web\widgets\CContentDecorator.php(76): CBaseController->renderFile()
#3 C:\inetpub\wwwroot\prj\framework\web\widgets\CContentDecorator.php(54): CContentDecorator->decorate()
#4 C:\inetpub\wwwroot\prj\framework\web\widgets\COutputProcessor.php(44): CContentDecorator->processOutput()
#5 C:\inetpub\wwwroot\prj\framework\web\CBaseController.php(215): COutputProcessor->run()
#6 C:\inetpub\wwwroot\prj\framework\web\CBaseController.php(309): CBaseController->endWidget()
#7 C:\inetpub\wwwroot\prj\protected\views\layouts\column1.php(6): CBaseController->endContent()
#8 C:\inetpub\wwwroot\prj\framework\web\CBaseController.php(126): require('...')
#9 C:\inetpub\wwwroot\prj\framework\web\CBaseController.php(95): CBaseController->renderInternal()
#10 C:\inetpub\wwwroot\prj\framework\web\CController.php(787): CBaseController->renderFile()
#11 C:\inetpub\wwwroot\prj\protected\controllers\SiteController.php(43): CController->render()
#12 C:\inetpub\wwwroot\prj\framework\web\actions\CInlineAction.php(49): SiteController->actionError()
#13 C:\inetpub\wwwroot\prj\framework\web\CController.php(308): CInlineAction->runWithParams()
#14 C:\inetpub\wwwroot\prj\framework\web\CController.php(286): CController->runAction()
#15 C:\inetpub\wwwroot\prj\framework\web\CController.php(265): CController->runActionWithFilters()
#16 C:\inetpub\wwwroot\prj\framework\web\CWebApplication.php(282): CController->run()
#17 C:\inetpub\wwwroot\prj\framework\base\CErrorHandler.php(368): CWebApplication->runController()
#18 C:\inetpub\wwwroot\prj\framework\base\CErrorHandler.php(296): CErrorHandler->renderError()
#19 C:\inetpub\wwwroot\prj\framework\base\CErrorHandler.php(133): CErrorHandler->handleError()
#20 C:\inetpub\wwwroot\prj\framework\base\CApplication.php(832): CErrorHandler->handle()
#21 C:\inetpub\wwwroot\prj\themes\manuscript\views\layouts\main.php(43): CApplication->handleError()
#22 C:\inetpub\wwwroot\prj\themes\manuscript\views\layouts\main.php(43): require('...')
#23 C:\inetpub\wwwroot\prj\framework\web\CBaseController.php(126): require('...')
#24 C:\inetpub\wwwroot\prj\framework\web\CBaseController.php(95): CBaseController->renderInternal()
#25 C:\inetpub\wwwroot\prj\framework\web\widgets\CContentDecorator.php(76): CBaseController->renderFile()
#26 C:\inetpub\wwwroot\prj\framework\web\widgets\CContentDecorator.php(54): CContentDecorator->decorate()
#27 C:\inetpub\wwwroot\prj\framework\web\widgets\COutputProcessor.php(44): CContentDecorator->processOutput()
#28 C:\inetpub\wwwroot\prj\framework\web\CBaseController.php(215): COutputProcessor->run()
#29 C:\inetpub\wwwroot\prj\framework\web\CBaseController.php(309): CBaseController->endWidget()
#30 C:\inetpub\wwwroot\prj\protected\views\layouts\column1.php(6): CBaseController->endContent()
#31 C:\inetpub\wwwroot\prj\framework\web\CBaseController.php(126): require('...')
#32 C:\inetpub\wwwroot\prj\framework\web\CBaseController.php(95): CBaseController->renderInternal()
#33 C:\inetpub\wwwroot\prj\framework\web\CController.php(787): CBaseController->renderFile()
#34 C:\inetpub\wwwroot\prj\protected\controllers\ConfigController.php(100): CController->render()
#35 C:\inetpub\wwwroot\prj\framework\web\actions\CInlineAction.php(49): ConfigController->actionIndex()
#36 C:\inetpub\wwwroot\prj\framework\web\CController.php(308): CInlineAction->runWithParams()
#37 C:\inetpub\wwwroot\prj\framework\web\filters\CFilterChain.php(134): CController->runAction()
#38 C:\inetpub\wwwroot\prj\framework\web\filters\CFilter.php(40): CFilterChain->run()
#39 C:\inetpub\wwwroot\prj\framework\web\CController.php(1148): CFilter->filter()
#40 C:\inetpub\wwwroot\prj\framework\web\filters\CInlineFilter.php(58): CController->filterAccessControl()
#41 C:\inetpub\wwwroot\prj\framework\web\filters\CFilterChain.php(131): CInlineFilter->filter()
#42 C:\inetpub\wwwroot\prj\framework\web\CController.php(291): CFilterChain->run()
#43 C:\inetpub\wwwroot\prj\framework\web\CController.php(265): CController->runActionWithFilters()
#44 C:\inetpub\wwwroot\prj\framework\web\CWebApplication.php(282): CController->run()
#45 C:\inetpub\wwwroot\prj\framework\web\CWebApplication.php(141): CWebApplication->runController()
#46 C:\inetpub\wwwroot\prj\framework\base\CApplication.php(185): CWebApplication->processRequest()
#47 C:\inetpub\wwwroot\prj\index.php(22): CApplication->run()
#48 {main}
  thrown in C:\inetpub\wwwroot\prj\themes\manuscript\views\layouts\main.php on line 43
[25-Sep-2024 07:49:46 UTC] PHP Warning:  require(C:\inetpub\wwwroot\prj\themes\manuscript\views\layouts/menuProject.php): Failed to open stream: No such file or directory in C:\inetpub\wwwroot\prj\themes\manuscript\views\layouts\main.php on line 43
[25-Sep-2024 07:49:46 UTC] PHP Fatal error:  Uncaught Error: Failed opening required 'C:\inetpub\wwwroot\prj\themes\manuscript\views\layouts/menuProject.php' (include_path='.;C:\inetpub\wwwroot\prj\protected\components;C:\inetpub\wwwroot\prj\protected\models;C:\php\pear') in C:\inetpub\wwwroot\prj\themes\manuscript\views\layouts\main.php:43
Stack trace:
#0 C:\inetpub\wwwroot\prj\framework\web\CBaseController.php(126): require()
#1 C:\inetpub\wwwroot\prj\framework\web\CBaseController.php(95): CBaseController->renderInternal()
#2 C:\inetpub\wwwroot\prj\framework\web\widgets\CContentDecorator.php(76): CBaseController->renderFile()
#3 C:\inetpub\wwwroot\prj\framework\web\widgets\CContentDecorator.php(54): CContentDecorator->decorate()
#4 C:\inetpub\wwwroot\prj\framework\web\widgets\COutputProcessor.php(44): CContentDecorator->processOutput()
#5 C:\inetpub\wwwroot\prj\framework\web\CBaseController.php(215): COutputProcessor->run()
#6 C:\inetpub\wwwroot\prj\framework\web\CBaseController.php(309): CBaseController->endWidget()
#7 C:\inetpub\wwwroot\prj\protected\views\layouts\column1.php(6): CBaseController->endContent()
#8 C:\inetpub\wwwroot\prj\framework\web\CBaseController.php(126): require('...')
#9 C:\inetpub\wwwroot\prj\framework\web\CBaseController.php(95): CBaseController->renderInternal()
#10 C:\inetpub\wwwroot\prj\framework\web\CController.php(787): CBaseController->renderFile()
#11 C:\inetpub\wwwroot\prj\protected\controllers\SiteController.php(43): CController->render()
#12 C:\inetpub\wwwroot\prj\framework\web\actions\CInlineAction.php(49): SiteController->actionError()
#13 C:\inetpub\wwwroot\prj\framework\web\CController.php(308): CInlineAction->runWithParams()
#14 C:\inetpub\wwwroot\prj\framework\web\CController.php(286): CController->runAction()
#15 C:\inetpub\wwwroot\prj\framework\web\CController.php(265): CController->runActionWithFilters()
#16 C:\inetpub\wwwroot\prj\framework\web\CWebApplication.php(282): CController->run()
#17 C:\inetpub\wwwroot\prj\framework\base\CErrorHandler.php(368): CWebApplication->runController()
#18 C:\inetpub\wwwroot\prj\framework\base\CErrorHandler.php(296): CErrorHandler->renderError()
#19 C:\inetpub\wwwroot\prj\framework\base\CErrorHandler.php(133): CErrorHandler->handleError()
#20 C:\inetpub\wwwroot\prj\framework\base\CApplication.php(832): CErrorHandler->handle()
#21 C:\inetpub\wwwroot\prj\themes\manuscript\views\layouts\main.php(43): CApplication->handleError()
#22 C:\inetpub\wwwroot\prj\themes\manuscript\views\layouts\main.php(43): require('...')
#23 C:\inetpub\wwwroot\prj\framework\web\CBaseController.php(126): require('...')
#24 C:\inetpub\wwwroot\prj\framework\web\CBaseController.php(95): CBaseController->renderInternal()
#25 C:\inetpub\wwwroot\prj\framework\web\widgets\CContentDecorator.php(76): CBaseController->renderFile()
#26 C:\inetpub\wwwroot\prj\framework\web\widgets\CContentDecorator.php(54): CContentDecorator->decorate()
#27 C:\inetpub\wwwroot\prj\framework\web\widgets\COutputProcessor.php(44): CContentDecorator->processOutput()
#28 C:\inetpub\wwwroot\prj\framework\web\CBaseController.php(215): COutputProcessor->run()
#29 C:\inetpub\wwwroot\prj\framework\web\CBaseController.php(309): CBaseController->endWidget()
#30 C:\inetpub\wwwroot\prj\protected\views\layouts\column1.php(6): CBaseController->endContent()
#31 C:\inetpub\wwwroot\prj\framework\web\CBaseController.php(126): require('...')
#32 C:\inetpub\wwwroot\prj\framework\web\CBaseController.php(95): CBaseController->renderInternal()
#33 C:\inetpub\wwwroot\prj\framework\web\CController.php(787): CBaseController->renderFile()
#34 C:\inetpub\wwwroot\prj\protected\controllers\ConfigController.php(100): CController->render()
#35 C:\inetpub\wwwroot\prj\framework\web\actions\CInlineAction.php(49): ConfigController->actionIndex()
#36 C:\inetpub\wwwroot\prj\framework\web\CController.php(308): CInlineAction->runWithParams()
#37 C:\inetpub\wwwroot\prj\framework\web\filters\CFilterChain.php(134): CController->runAction()
#38 C:\inetpub\wwwroot\prj\framework\web\filters\CFilter.php(40): CFilterChain->run()
#39 C:\inetpub\wwwroot\prj\framework\web\CController.php(1148): CFilter->filter()
#40 C:\inetpub\wwwroot\prj\framework\web\filters\CInlineFilter.php(58): CController->filterAccessControl()
#41 C:\inetpub\wwwroot\prj\framework\web\filters\CFilterChain.php(131): CInlineFilter->filter()
#42 C:\inetpub\wwwroot\prj\framework\web\CController.php(291): CFilterChain->run()
#43 C:\inetpub\wwwroot\prj\framework\web\CController.php(265): CController->runActionWithFilters()
#44 C:\inetpub\wwwroot\prj\framework\web\CWebApplication.php(282): CController->run()
#45 C:\inetpub\wwwroot\prj\framework\web\CWebApplication.php(141): CWebApplication->runController()
#46 C:\inetpub\wwwroot\prj\framework\base\CApplication.php(185): CWebApplication->processRequest()
#47 C:\inetpub\wwwroot\prj\index.php(22): CApplication->run()
#48 {main}
  thrown in C:\inetpub\wwwroot\prj\themes\manuscript\views\layouts\main.php on line 43
[25-Sep-2024 09:50:24 UTC] PHP Parse error:  syntax error, unexpected token ";", expecting ")" in C:\inetpub\wwwroot\prj\themes\manuscript\views\layouts\main.php on line 60
[25-Sep-2024 09:51:11 UTC] PHP Parse error:  syntax error, unexpected token ";", expecting ")" in C:\inetpub\wwwroot\prj\themes\manuscript\views\layouts\main.php on line 61
[25-Sep-2024 09:51:46 UTC] PHP Parse error:  syntax error, unexpected token ";", expecting ")" in C:\inetpub\wwwroot\prj\themes\manuscript\views\layouts\main.php on line 61
[25-Sep-2024 09:55:53 UTC] PHP Parse error:  syntax error, unexpected token ";", expecting ")" in C:\inetpub\wwwroot\prj\themes\manuscript\views\layouts\main.php on line 49
[25-Sep-2024 10:14:28 UTC] PHP Fatal error:  Cannot declare class MyMenu, because the name is already in use in C:\inetpub\wwwroot\prj\themes\manuscript\views\layouts\main.php on line 36
[25-Sep-2024 10:14:54 UTC] PHP Fatal error:  Cannot declare class MyMenu2, because the name is already in use in C:\inetpub\wwwroot\prj\themes\manuscript\views\layouts\main.php on line 36
[25-Sep-2024 10:15:19 UTC] PHP Fatal error:  Cannot declare class MyMenu, because the name is already in use in C:\inetpub\wwwroot\prj\themes\manuscript\views\layouts\main.php on line 36
[25-Sep-2024 10:16:08 UTC] PHP Fatal error:  Cannot declare class CustomMenu, because the name is already in use in C:\inetpub\wwwroot\prj\themes\manuscript\views\layouts\main.php on line 36
[25-Sep-2024 10:23:10 UTC] PHP Fatal error:  Cannot declare class CustomMenu, because the name is already in use in C:\inetpub\wwwroot\prj\themes\manuscript\views\layouts\main.php on line 36
[25-Sep-2024 10:24:52 UTC] PHP Warning:  include(CMenu.php): Failed to open stream: No such file or directory in C:\inetpub\wwwroot\prj\framework\YiiBase.php on line 463
[25-Sep-2024 10:24:52 UTC] PHP Warning:  include(): Failed opening 'CMenu.php' for inclusion (include_path='.;C:\inetpub\wwwroot\prj\protected\components;C:\inetpub\wwwroot\prj\protected\models;C:\php\pear') in C:\inetpub\wwwroot\prj\framework\YiiBase.php on line 463
[25-Sep-2024 10:24:52 UTC] PHP Fatal error:  Uncaught Error: Class "CMenu" not found in C:\inetpub\wwwroot\prj\themes\manuscript\views\layouts\main.php:37
Stack trace:
#0 C:\inetpub\wwwroot\prj\framework\web\CBaseController.php(126): require()
#1 C:\inetpub\wwwroot\prj\framework\web\CBaseController.php(95): CBaseController->renderInternal()
#2 C:\inetpub\wwwroot\prj\framework\web\widgets\CContentDecorator.php(76): CBaseController->renderFile()
#3 C:\inetpub\wwwroot\prj\framework\web\widgets\CContentDecorator.php(54): CContentDecorator->decorate()
#4 C:\inetpub\wwwroot\prj\framework\web\widgets\COutputProcessor.php(44): CContentDecorator->processOutput()
#5 C:\inetpub\wwwroot\prj\framework\web\CBaseController.php(215): COutputProcessor->run()
#6 C:\inetpub\wwwroot\prj\framework\web\CBaseController.php(309): CBaseController->endWidget()
#7 C:\inetpub\wwwroot\prj\protected\views\layouts\column1.php(6): CBaseController->endContent()
#8 C:\inetpub\wwwroot\prj\framework\web\CBaseController.php(126): require('...')
#9 C:\inetpub\wwwroot\prj\framework\web\CBaseController.php(95): CBaseController->renderInternal()
#10 C:\inetpub\wwwroot\prj\framework\web\CController.php(787): CBaseController->renderFile()
#11 C:\inetpub\wwwroot\prj\protected\controllers\SiteController.php(43): CController->render()
#12 C:\inetpub\wwwroot\prj\framework\web\actions\CInlineAction.php(49): SiteController->actionError()
#13 C:\inetpub\wwwroot\prj\framework\web\CController.php(308): CInlineAction->runWithParams()
#14 C:\inetpub\wwwroot\prj\framework\web\CController.php(286): CController->runAction()
#15 C:\inetpub\wwwroot\prj\framework\web\CController.php(265): CController->runActionWithFilters()
#16 C:\inetpub\wwwroot\prj\framework\web\CWebApplication.php(282): CController->run()
#17 C:\inetpub\wwwroot\prj\framework\base\CErrorHandler.php(368): CWebApplication->runController()
#18 C:\inetpub\wwwroot\prj\framework\base\CErrorHandler.php(296): CErrorHandler->renderError()
#19 C:\inetpub\wwwroot\prj\framework\base\CErrorHandler.php(133): CErrorHandler->handleError()
#20 C:\inetpub\wwwroot\prj\framework\base\CApplication.php(832): CErrorHandler->handle()
#21 C:\inetpub\wwwroot\prj\framework\YiiBase.php(463): CApplication->handleError()
#22 C:\inetpub\wwwroot\prj\framework\YiiBase.php(463): include('...')
#23 [internal function]: YiiBase::autoload()
#24 C:\inetpub\wwwroot\prj\themes\manuscript\views\layouts\main.php(36): class_exists()
#25 C:\inetpub\wwwroot\prj\framework\web\CBaseController.php(126): require('...')
#26 C:\inetpub\wwwroot\prj\framework\web\CBaseController.php(95): CBaseController->renderInternal()
#27 C:\inetpub\wwwroot\prj\framework\web\widgets\CContentDecorator.php(76): CBaseController->renderFile()
#28 C:\inetpub\wwwroot\prj\framework\web\widgets\CContentDecorator.php(54): CContentDecorator->decorate()
#29 C:\inetpub\wwwroot\prj\framework\web\widgets\COutputProcessor.php(44): CContentDecorator->processOutput()
#30 C:\inetpub\wwwroot\prj\framework\web\CBaseController.php(215): COutputProcessor->run()
#31 C:\inetpub\wwwroot\prj\framework\web\CBaseController.php(309): CBaseController->endWidget()
#32 C:\inetpub\wwwroot\prj\protected\views\layouts\column1.php(6): CBaseController->endContent()
#33 C:\inetpub\wwwroot\prj\framework\web\CBaseController.php(126): require('...')
#34 C:\inetpub\wwwroot\prj\framework\web\CBaseController.php(95): CBaseController->renderInternal()
#35 C:\inetpub\wwwroot\prj\framework\web\CController.php(787): CBaseController->renderFile()
#36 C:\inetpub\wwwroot\prj\protected\controllers\ConfigController.php(100): CController->render()
#37 C:\inetpub\wwwroot\prj\framework\web\actions\CInlineAction.php(49): ConfigController->actionIndex()
#38 C:\inetpub\wwwroot\prj\framework\web\CController.php(308): CInlineAction->runWithParams()
#39 C:\inetpub\wwwroot\prj\framework\web\filters\CFilterChain.php(134): CController->runAction()
#40 C:\inetpub\wwwroot\prj\framework\web\filters\CFilter.php(40): CFilterChain->run()
#41 C:\inetpub\wwwroot\prj\framework\web\CController.php(1148): CFilter->filter()
#42 C:\inetpub\wwwroot\prj\framework\web\filters\CInlineFilter.php(58): CController->filterAccessControl()
#43 C:\inetpub\wwwroot\prj\framework\web\filters\CFilterChain.php(131): CInlineFilter->filter()
#44 C:\inetpub\wwwroot\prj\framework\web\CController.php(291): CFilterChain->run()
#45 C:\inetpub\wwwroot\prj\framework\web\CController.php(265): CController->runActionWithFilters()
#46 C:\inetpub\wwwroot\prj\framework\web\CWebApplication.php(282): CController->run()
#47 C:\inetpub\wwwroot\prj\framework\web\CWebApplication.php(141): CWebApplication->runController()
#48 C:\inetpub\wwwroot\prj\framework\base\CApplication.php(185): CWebApplication->processRequest()
#49 C:\inetpub\wwwroot\prj\index.php(22): CApplication->run()
#50 {main}
  thrown in C:\inetpub\wwwroot\prj\themes\manuscript\views\layouts\main.php on line 37
[26-Sep-2024 11:34:33 UTC] PHP Parse error:  syntax error, unexpected token ";", expecting ")" in C:\inetpub\wwwroot\prj\themes\blackboot\views\layouts\main.php on line 71
[26-Sep-2024 11:57:25 UTC] PHP Parse error:  syntax error, unexpected single-quoted string "items", expecting ")" in C:\inetpub\wwwroot\prj\themes\blackboot\views\layouts\main.php on line 63
[26-Sep-2024 12:05:06 UTC] PHP Warning:  require(C:\inetpub\wwwroot\prj\protected\views\menu\menuRoll.php): Failed to open stream: No such file or directory in C:\inetpub\wwwroot\prj\themes\blackboot\views\layouts\main.php on line 58
[26-Sep-2024 12:05:06 UTC] PHP Fatal error:  Uncaught Error: Failed opening required 'C:\inetpub\wwwroot\prj\protected\views\menu\menuRoll.php' (include_path='.;C:\inetpub\wwwroot\prj\protected\components;C:\inetpub\wwwroot\prj\protected\models;C:\php\pear') in C:\inetpub\wwwroot\prj\themes\blackboot\views\layouts\main.php:58
Stack trace:
#0 C:\inetpub\wwwroot\prj\framework\web\CBaseController.php(126): require()
#1 C:\inetpub\wwwroot\prj\framework\web\CBaseController.php(95): CBaseController->renderInternal()
#2 C:\inetpub\wwwroot\prj\framework\web\widgets\CContentDecorator.php(76): CBaseController->renderFile()
#3 C:\inetpub\wwwroot\prj\framework\web\widgets\CContentDecorator.php(54): CContentDecorator->decorate()
#4 C:\inetpub\wwwroot\prj\framework\web\widgets\COutputProcessor.php(44): CContentDecorator->processOutput()
#5 C:\inetpub\wwwroot\prj\framework\web\CBaseController.php(215): COutputProcessor->run()
#6 C:\inetpub\wwwroot\prj\framework\web\CBaseController.php(309): CBaseController->endWidget()
#7 C:\inetpub\wwwroot\prj\themes\blackboot\views\layouts\column1.php(9): CBaseController->endContent()
#8 C:\inetpub\wwwroot\prj\framework\web\CBaseController.php(126): require('...')
#9 C:\inetpub\wwwroot\prj\framework\web\CBaseController.php(95): CBaseController->renderInternal()
#10 C:\inetpub\wwwroot\prj\framework\web\CController.php(787): CBaseController->renderFile()
#11 C:\inetpub\wwwroot\prj\protected\controllers\SiteController.php(43): CController->render()
#12 C:\inetpub\wwwroot\prj\framework\web\actions\CInlineAction.php(49): SiteController->actionError()
#13 C:\inetpub\wwwroot\prj\framework\web\CController.php(308): CInlineAction->runWithParams()
#14 C:\inetpub\wwwroot\prj\framework\web\CController.php(286): CController->runAction()
#15 C:\inetpub\wwwroot\prj\framework\web\CController.php(265): CController->runActionWithFilters()
#16 C:\inetpub\wwwroot\prj\framework\web\CWebApplication.php(282): CController->run()
#17 C:\inetpub\wwwroot\prj\framework\base\CErrorHandler.php(368): CWebApplication->runController()
#18 C:\inetpub\wwwroot\prj\framework\base\CErrorHandler.php(296): CErrorHandler->renderError()
#19 C:\inetpub\wwwroot\prj\framework\base\CErrorHandler.php(133): CErrorHandler->handleError()
#20 C:\inetpub\wwwroot\prj\framework\base\CApplication.php(832): CErrorHandler->handle()
#21 C:\inetpub\wwwroot\prj\themes\blackboot\views\layouts\main.php(58): CApplication->handleError()
#22 C:\inetpub\wwwroot\prj\themes\blackboot\views\layouts\main.php(58): require('...')
#23 C:\inetpub\wwwroot\prj\framework\web\CBaseController.php(126): require('...')
#24 C:\inetpub\wwwroot\prj\framework\web\CBaseController.php(95): CBaseController->renderInternal()
#25 C:\inetpub\wwwroot\prj\framework\web\widgets\CContentDecorator.php(76): CBaseController->renderFile()
#26 C:\inetpub\wwwroot\prj\framework\web\widgets\CContentDecorator.php(54): CContentDecorator->decorate()
#27 C:\inetpub\wwwroot\prj\framework\web\widgets\COutputProcessor.php(44): CContentDecorator->processOutput()
#28 C:\inetpub\wwwroot\prj\framework\web\CBaseController.php(215): COutputProcessor->run()
#29 C:\inetpub\wwwroot\prj\framework\web\CBaseController.php(309): CBaseController->endWidget()
#30 C:\inetpub\wwwroot\prj\themes\blackboot\views\layouts\column1.php(9): CBaseController->endContent()
#31 C:\inetpub\wwwroot\prj\framework\web\CBaseController.php(126): require('...')
#32 C:\inetpub\wwwroot\prj\framework\web\CBaseController.php(95): CBaseController->renderInternal()
#33 C:\inetpub\wwwroot\prj\framework\web\CController.php(787): CBaseController->renderFile()
#34 C:\inetpub\wwwroot\prj\protected\controllers\ConfigController.php(100): CController->render()
#35 C:\inetpub\wwwroot\prj\framework\web\actions\CInlineAction.php(49): ConfigController->actionIndex()
#36 C:\inetpub\wwwroot\prj\framework\web\CController.php(308): CInlineAction->runWithParams()
#37 C:\inetpub\wwwroot\prj\framework\web\filters\CFilterChain.php(134): CController->runAction()
#38 C:\inetpub\wwwroot\prj\framework\web\filters\CFilter.php(40): CFilterChain->run()
#39 C:\inetpub\wwwroot\prj\framework\web\CController.php(1148): CFilter->filter()
#40 C:\inetpub\wwwroot\prj\framework\web\filters\CInlineFilter.php(58): CController->filterAccessControl()
#41 C:\inetpub\wwwroot\prj\framework\web\filters\CFilterChain.php(131): CInlineFilter->filter()
#42 C:\inetpub\wwwroot\prj\framework\web\CController.php(291): CFilterChain->run()
#43 C:\inetpub\wwwroot\prj\framework\web\CController.php(265): CController->runActionWithFilters()
#44 C:\inetpub\wwwroot\prj\framework\web\CWebApplication.php(282): CController->run()
#45 C:\inetpub\wwwroot\prj\framework\web\CWebApplication.php(141): CWebApplication->runController()
#46 C:\inetpub\wwwroot\prj\framework\base\CApplication.php(185): CWebApplication->processRequest()
#47 C:\inetpub\wwwroot\prj\index.php(22): CApplication->run()
#48 {main}
  thrown in C:\inetpub\wwwroot\prj\themes\blackboot\views\layouts\main.php on line 58
[26-Sep-2024 12:05:41 UTC] PHP Warning:  require(C:\inetpub\wwwroot\prj\protected\views\menu\menuRoll.php): Failed to open stream: No such file or directory in C:\inetpub\wwwroot\prj\themes\blackboot\views\layouts\main.php on line 58
[26-Sep-2024 12:05:41 UTC] PHP Fatal error:  Uncaught Error: Failed opening required 'C:\inetpub\wwwroot\prj\protected\views\menu\menuRoll.php' (include_path='.;C:\inetpub\wwwroot\prj\protected\components;C:\inetpub\wwwroot\prj\protected\models;C:\php\pear') in C:\inetpub\wwwroot\prj\themes\blackboot\views\layouts\main.php:58
Stack trace:
#0 C:\inetpub\wwwroot\prj\framework\web\CBaseController.php(126): require()
#1 C:\inetpub\wwwroot\prj\framework\web\CBaseController.php(95): CBaseController->renderInternal()
#2 C:\inetpub\wwwroot\prj\framework\web\widgets\CContentDecorator.php(76): CBaseController->renderFile()
#3 C:\inetpub\wwwroot\prj\framework\web\widgets\CContentDecorator.php(54): CContentDecorator->decorate()
#4 C:\inetpub\wwwroot\prj\framework\web\widgets\COutputProcessor.php(44): CContentDecorator->processOutput()
#5 C:\inetpub\wwwroot\prj\framework\web\CBaseController.php(215): COutputProcessor->run()
#6 C:\inetpub\wwwroot\prj\framework\web\CBaseController.php(309): CBaseController->endWidget()
#7 C:\inetpub\wwwroot\prj\themes\blackboot\views\layouts\column1.php(9): CBaseController->endContent()
#8 C:\inetpub\wwwroot\prj\framework\web\CBaseController.php(126): require('...')
#9 C:\inetpub\wwwroot\prj\framework\web\CBaseController.php(95): CBaseController->renderInternal()
#10 C:\inetpub\wwwroot\prj\framework\web\CController.php(787): CBaseController->renderFile()
#11 C:\inetpub\wwwroot\prj\protected\controllers\SiteController.php(43): CController->render()
#12 C:\inetpub\wwwroot\prj\framework\web\actions\CInlineAction.php(49): SiteController->actionError()
#13 C:\inetpub\wwwroot\prj\framework\web\CController.php(308): CInlineAction->runWithParams()
#14 C:\inetpub\wwwroot\prj\framework\web\CController.php(286): CController->runAction()
#15 C:\inetpub\wwwroot\prj\framework\web\CController.php(265): CController->runActionWithFilters()
#16 C:\inetpub\wwwroot\prj\framework\web\CWebApplication.php(282): CController->run()
#17 C:\inetpub\wwwroot\prj\framework\base\CErrorHandler.php(368): CWebApplication->runController()
#18 C:\inetpub\wwwroot\prj\framework\base\CErrorHandler.php(296): CErrorHandler->renderError()
#19 C:\inetpub\wwwroot\prj\framework\base\CErrorHandler.php(133): CErrorHandler->handleError()
#20 C:\inetpub\wwwroot\prj\framework\base\CApplication.php(832): CErrorHandler->handle()
#21 C:\inetpub\wwwroot\prj\themes\blackboot\views\layouts\main.php(58): CApplication->handleError()
#22 C:\inetpub\wwwroot\prj\themes\blackboot\views\layouts\main.php(58): require('...')
#23 C:\inetpub\wwwroot\prj\framework\web\CBaseController.php(126): require('...')
#24 C:\inetpub\wwwroot\prj\framework\web\CBaseController.php(95): CBaseController->renderInternal()
#25 C:\inetpub\wwwroot\prj\framework\web\widgets\CContentDecorator.php(76): CBaseController->renderFile()
#26 C:\inetpub\wwwroot\prj\framework\web\widgets\CContentDecorator.php(54): CContentDecorator->decorate()
#27 C:\inetpub\wwwroot\prj\framework\web\widgets\COutputProcessor.php(44): CContentDecorator->processOutput()
#28 C:\inetpub\wwwroot\prj\framework\web\CBaseController.php(215): COutputProcessor->run()
#29 C:\inetpub\wwwroot\prj\framework\web\CBaseController.php(309): CBaseController->endWidget()
#30 C:\inetpub\wwwroot\prj\themes\blackboot\views\layouts\column1.php(9): CBaseController->endContent()
#31 C:\inetpub\wwwroot\prj\framework\web\CBaseController.php(126): require('...')
#32 C:\inetpub\wwwroot\prj\framework\web\CBaseController.php(95): CBaseController->renderInternal()
#33 C:\inetpub\wwwroot\prj\framework\web\CController.php(787): CBaseController->renderFile()
#34 C:\inetpub\wwwroot\prj\protected\controllers\ConfigController.php(100): CController->render()
#35 C:\inetpub\wwwroot\prj\framework\web\actions\CInlineAction.php(49): ConfigController->actionIndex()
#36 C:\inetpub\wwwroot\prj\framework\web\CController.php(308): CInlineAction->runWithParams()
#37 C:\inetpub\wwwroot\prj\framework\web\filters\CFilterChain.php(134): CController->runAction()
#38 C:\inetpub\wwwroot\prj\framework\web\filters\CFilter.php(40): CFilterChain->run()
#39 C:\inetpub\wwwroot\prj\framework\web\CController.php(1148): CFilter->filter()
#40 C:\inetpub\wwwroot\prj\framework\web\filters\CInlineFilter.php(58): CController->filterAccessControl()
#41 C:\inetpub\wwwroot\prj\framework\web\filters\CFilterChain.php(131): CInlineFilter->filter()
#42 C:\inetpub\wwwroot\prj\framework\web\CController.php(291): CFilterChain->run()
#43 C:\inetpub\wwwroot\prj\framework\web\CController.php(265): CController->runActionWithFilters()
#44 C:\inetpub\wwwroot\prj\framework\web\CWebApplication.php(282): CController->run()
#45 C:\inetpub\wwwroot\prj\framework\web\CWebApplication.php(141): CWebApplication->runController()
#46 C:\inetpub\wwwroot\prj\framework\base\CApplication.php(185): CWebApplication->processRequest()
#47 C:\inetpub\wwwroot\prj\index.php(22): CApplication->run()
#48 {main}
  thrown in C:\inetpub\wwwroot\prj\themes\blackboot\views\layouts\main.php on line 58
[26-Sep-2024 12:15:47 UTC] PHP Parse error:  syntax error, unexpected token ";", expecting ")" in C:\inetpub\wwwroot\prj\themes\blackboot\views\layouts\main.php on line 106
[26-Sep-2024 12:16:02 UTC] PHP Warning:  require(C:\inetpub\wwwroot\prj\themes\blackboot\views\layouts/menuConfig.php): Failed to open stream: No such file or directory in C:\inetpub\wwwroot\prj\themes\blackboot\views\layouts\main.php on line 90
[26-Sep-2024 12:16:02 UTC] PHP Fatal error:  Uncaught Error: Failed opening required 'C:\inetpub\wwwroot\prj\themes\blackboot\views\layouts/menuConfig.php' (include_path='.;C:\inetpub\wwwroot\prj\protected\components;C:\inetpub\wwwroot\prj\protected\models;C:\php\pear') in C:\inetpub\wwwroot\prj\themes\blackboot\views\layouts\main.php:90
Stack trace:
#0 C:\inetpub\wwwroot\prj\framework\web\CBaseController.php(126): require()
#1 C:\inetpub\wwwroot\prj\framework\web\CBaseController.php(95): CBaseController->renderInternal()
#2 C:\inetpub\wwwroot\prj\framework\web\widgets\CContentDecorator.php(76): CBaseController->renderFile()
#3 C:\inetpub\wwwroot\prj\framework\web\widgets\CContentDecorator.php(54): CContentDecorator->decorate()
#4 C:\inetpub\wwwroot\prj\framework\web\widgets\COutputProcessor.php(44): CContentDecorator->processOutput()
#5 C:\inetpub\wwwroot\prj\framework\web\CBaseController.php(215): COutputProcessor->run()
#6 C:\inetpub\wwwroot\prj\framework\web\CBaseController.php(309): CBaseController->endWidget()
#7 C:\inetpub\wwwroot\prj\themes\blackboot\views\layouts\column1.php(9): CBaseController->endContent()
#8 C:\inetpub\wwwroot\prj\framework\web\CBaseController.php(126): require('...')
#9 C:\inetpub\wwwroot\prj\framework\web\CBaseController.php(95): CBaseController->renderInternal()
#10 C:\inetpub\wwwroot\prj\framework\web\CController.php(787): CBaseController->renderFile()
#11 C:\inetpub\wwwroot\prj\protected\controllers\SiteController.php(43): CController->render()
#12 C:\inetpub\wwwroot\prj\framework\web\actions\CInlineAction.php(49): SiteController->actionError()
#13 C:\inetpub\wwwroot\prj\framework\web\CController.php(308): CInlineAction->runWithParams()
#14 C:\inetpub\wwwroot\prj\framework\web\CController.php(286): CController->runAction()
#15 C:\inetpub\wwwroot\prj\framework\web\CController.php(265): CController->runActionWithFilters()
#16 C:\inetpub\wwwroot\prj\framework\web\CWebApplication.php(282): CController->run()
#17 C:\inetpub\wwwroot\prj\framework\base\CErrorHandler.php(368): CWebApplication->runController()
#18 C:\inetpub\wwwroot\prj\framework\base\CErrorHandler.php(296): CErrorHandler->renderError()
#19 C:\inetpub\wwwroot\prj\framework\base\CErrorHandler.php(133): CErrorHandler->handleError()
#20 C:\inetpub\wwwroot\prj\framework\base\CApplication.php(832): CErrorHandler->handle()
#21 C:\inetpub\wwwroot\prj\themes\blackboot\views\layouts\main.php(90): CApplication->handleError()
#22 C:\inetpub\wwwroot\prj\themes\blackboot\views\layouts\main.php(90): require('...')
#23 C:\inetpub\wwwroot\prj\framework\web\CBaseController.php(126): require('...')
#24 C:\inetpub\wwwroot\prj\framework\web\CBaseController.php(95): CBaseController->renderInternal()
#25 C:\inetpub\wwwroot\prj\framework\web\widgets\CContentDecorator.php(76): CBaseController->renderFile()
#26 C:\inetpub\wwwroot\prj\framework\web\widgets\CContentDecorator.php(54): CContentDecorator->decorate()
#27 C:\inetpub\wwwroot\prj\framework\web\widgets\COutputProcessor.php(44): CContentDecorator->processOutput()
#28 C:\inetpub\wwwroot\prj\framework\web\CBaseController.php(215): COutputProcessor->run()
#29 C:\inetpub\wwwroot\prj\framework\web\CBaseController.php(309): CBaseController->endWidget()
#30 C:\inetpub\wwwroot\prj\themes\blackboot\views\layouts\column1.php(9): CBaseController->endContent()
#31 C:\inetpub\wwwroot\prj\framework\web\CBaseController.php(126): require('...')
#32 C:\inetpub\wwwroot\prj\framework\web\CBaseController.php(95): CBaseController->renderInternal()
#33 C:\inetpub\wwwroot\prj\framework\web\CController.php(787): CBaseController->renderFile()
#34 C:\inetpub\wwwroot\prj\protected\controllers\ConfigController.php(100): CController->render()
#35 C:\inetpub\wwwroot\prj\framework\web\actions\CInlineAction.php(49): ConfigController->actionIndex()
#36 C:\inetpub\wwwroot\prj\framework\web\CController.php(308): CInlineAction->runWithParams()
#37 C:\inetpub\wwwroot\prj\framework\web\filters\CFilterChain.php(134): CController->runAction()
#38 C:\inetpub\wwwroot\prj\framework\web\filters\CFilter.php(40): CFilterChain->run()
#39 C:\inetpub\wwwroot\prj\framework\web\CController.php(1148): CFilter->filter()
#40 C:\inetpub\wwwroot\prj\framework\web\filters\CInlineFilter.php(58): CController->filterAccessControl()
#41 C:\inetpub\wwwroot\prj\framework\web\filters\CFilterChain.php(131): CInlineFilter->filter()
#42 C:\inetpub\wwwroot\prj\framework\web\CController.php(291): CFilterChain->run()
#43 C:\inetpub\wwwroot\prj\framework\web\CController.php(265): CController->runActionWithFilters()
#44 C:\inetpub\wwwroot\prj\framework\web\CWebApplication.php(282): CController->run()
#45 C:\inetpub\wwwroot\prj\framework\web\CWebApplication.php(141): CWebApplication->runController()
#46 C:\inetpub\wwwroot\prj\framework\base\CApplication.php(185): CWebApplication->processRequest()
#47 C:\inetpub\wwwroot\prj\index.php(22): CApplication->run()
#48 {main}
  thrown in C:\inetpub\wwwroot\prj\themes\blackboot\views\layouts\main.php on line 90
[26-Sep-2024 12:17:29 UTC] PHP Parse error:  Unmatched ')' in C:\inetpub\wwwroot\prj\themes\blackboot\views\layouts\main.php on line 109
[26-Sep-2024 23:41:35 UTC] PHP Parse error:  syntax error, unexpected token "=>", expecting ")" in C:\inetpub\wwwroot\prj\themes\blackboot_release\views\layouts\main.php on line 86
[27-Sep-2024 00:28:32 UTC] PHP Parse error:  syntax error, unexpected token "=>" in C:\inetpub\wwwroot\prj\themes\blackboot_release\views\layouts\main.php on line 57
[27-Sep-2024 00:39:56 UTC] PHP Fatal error:  Uncaught TypeError: Cannot access offset of type string on string in C:\inetpub\wwwroot\prj\themes\blackboot_release\views\layouts\main.php:66
Stack trace:
#0 C:\inetpub\wwwroot\prj\framework\web\CBaseController.php(126): require()
#1 C:\inetpub\wwwroot\prj\framework\web\CBaseController.php(95): CBaseController->renderInternal()
#2 C:\inetpub\wwwroot\prj\framework\web\widgets\CContentDecorator.php(76): CBaseController->renderFile()
#3 C:\inetpub\wwwroot\prj\framework\web\widgets\CContentDecorator.php(54): CContentDecorator->decorate()
#4 C:\inetpub\wwwroot\prj\framework\web\widgets\COutputProcessor.php(44): CContentDecorator->processOutput()
#5 C:\inetpub\wwwroot\prj\framework\web\CBaseController.php(215): COutputProcessor->run()
#6 C:\inetpub\wwwroot\prj\framework\web\CBaseController.php(309): CBaseController->endWidget()
#7 C:\inetpub\wwwroot\prj\themes\blackboot_release\views\layouts\column1.php(9): CBaseController->endContent()
#8 C:\inetpub\wwwroot\prj\framework\web\CBaseController.php(126): require('...')
#9 C:\inetpub\wwwroot\prj\framework\web\CBaseController.php(95): CBaseController->renderInternal()
#10 C:\inetpub\wwwroot\prj\framework\web\CController.php(787): CBaseController->renderFile()
#11 C:\inetpub\wwwroot\prj\protected\controllers\SiteController.php(43): CController->render()
#12 C:\inetpub\wwwroot\prj\framework\web\actions\CInlineAction.php(49): SiteController->actionError()
#13 C:\inetpub\wwwroot\prj\framework\web\CController.php(308): CInlineAction->runWithParams()
#14 C:\inetpub\wwwroot\prj\framework\web\CController.php(286): CController->runAction()
#15 C:\inetpub\wwwroot\prj\framework\web\CController.php(265): CController->runActionWithFilters()
#16 C:\inetpub\wwwroot\prj\framework\web\CWebApplication.php(282): CController->run()
#17 C:\inetpub\wwwroot\prj\framework\base\CErrorHandler.php(368): CWebApplication->runController()
#18 C:\inetpub\wwwroot\prj\framework\base\CErrorHandler.php(351): CErrorHandler->renderError()
#19 C:\inetpub\wwwroot\prj\framework\base\CErrorHandler.php(218): CErrorHandler->renderException()
#20 C:\inetpub\wwwroot\prj\framework\base\CErrorHandler.php(131): CErrorHandler->handleException()
#21 C:\inetpub\wwwroot\prj\framework\base\CApplication.php(750): CErrorHandler->handle()
#22 [internal function]: CApplication->handleException()
#23 {main}
  thrown in C:\inetpub\wwwroot\prj\themes\blackboot_release\views\layouts\main.php on line 66
[27-Sep-2024 00:42:05 UTC] PHP Fatal error:  Uncaught TypeError: Cannot access offset of type string on string in C:\inetpub\wwwroot\prj\themes\blackboot_release\views\layouts\main.php:66
Stack trace:
#0 C:\inetpub\wwwroot\prj\framework\web\CBaseController.php(126): require()
#1 C:\inetpub\wwwroot\prj\framework\web\CBaseController.php(95): CBaseController->renderInternal()
#2 C:\inetpub\wwwroot\prj\framework\web\widgets\CContentDecorator.php(76): CBaseController->renderFile()
#3 C:\inetpub\wwwroot\prj\framework\web\widgets\CContentDecorator.php(54): CContentDecorator->decorate()
#4 C:\inetpub\wwwroot\prj\framework\web\widgets\COutputProcessor.php(44): CContentDecorator->processOutput()
#5 C:\inetpub\wwwroot\prj\framework\web\CBaseController.php(215): COutputProcessor->run()
#6 C:\inetpub\wwwroot\prj\framework\web\CBaseController.php(309): CBaseController->endWidget()
#7 C:\inetpub\wwwroot\prj\themes\blackboot_release\views\layouts\column1.php(9): CBaseController->endContent()
#8 C:\inetpub\wwwroot\prj\framework\web\CBaseController.php(126): require('...')
#9 C:\inetpub\wwwroot\prj\framework\web\CBaseController.php(95): CBaseController->renderInternal()
#10 C:\inetpub\wwwroot\prj\framework\web\CController.php(787): CBaseController->renderFile()
#11 C:\inetpub\wwwroot\prj\protected\controllers\SiteController.php(43): CController->render()
#12 C:\inetpub\wwwroot\prj\framework\web\actions\CInlineAction.php(49): SiteController->actionError()
#13 C:\inetpub\wwwroot\prj\framework\web\CController.php(308): CInlineAction->runWithParams()
#14 C:\inetpub\wwwroot\prj\framework\web\CController.php(286): CController->runAction()
#15 C:\inetpub\wwwroot\prj\framework\web\CController.php(265): CController->runActionWithFilters()
#16 C:\inetpub\wwwroot\prj\framework\web\CWebApplication.php(282): CController->run()
#17 C:\inetpub\wwwroot\prj\framework\base\CErrorHandler.php(368): CWebApplication->runController()
#18 C:\inetpub\wwwroot\prj\framework\base\CErrorHandler.php(351): CErrorHandler->renderError()
#19 C:\inetpub\wwwroot\prj\framework\base\CErrorHandler.php(218): CErrorHandler->renderException()
#20 C:\inetpub\wwwroot\prj\framework\base\CErrorHandler.php(131): CErrorHandler->handleException()
#21 C:\inetpub\wwwroot\prj\framework\base\CApplication.php(750): CErrorHandler->handle()
#22 [internal function]: CApplication->handleException()
#23 {main}
  thrown in C:\inetpub\wwwroot\prj\themes\blackboot_release\views\layouts\main.php on line 66
[27-Sep-2024 00:43:10 UTC] PHP Fatal error:  Uncaught TypeError: Cannot access offset of type string on string in C:\inetpub\wwwroot\prj\themes\blackboot_release\views\layouts\main.php:74
Stack trace:
#0 C:\inetpub\wwwroot\prj\framework\web\CBaseController.php(126): require()
#1 C:\inetpub\wwwroot\prj\framework\web\CBaseController.php(95): CBaseController->renderInternal()
#2 C:\inetpub\wwwroot\prj\framework\web\widgets\CContentDecorator.php(76): CBaseController->renderFile()
#3 C:\inetpub\wwwroot\prj\framework\web\widgets\CContentDecorator.php(54): CContentDecorator->decorate()
#4 C:\inetpub\wwwroot\prj\framework\web\widgets\COutputProcessor.php(44): CContentDecorator->processOutput()
#5 C:\inetpub\wwwroot\prj\framework\web\CBaseController.php(215): COutputProcessor->run()
#6 C:\inetpub\wwwroot\prj\framework\web\CBaseController.php(309): CBaseController->endWidget()
#7 C:\inetpub\wwwroot\prj\themes\blackboot_release\views\layouts\column1.php(9): CBaseController->endContent()
#8 C:\inetpub\wwwroot\prj\framework\web\CBaseController.php(126): require('...')
#9 C:\inetpub\wwwroot\prj\framework\web\CBaseController.php(95): CBaseController->renderInternal()
#10 C:\inetpub\wwwroot\prj\framework\web\CController.php(787): CBaseController->renderFile()
#11 C:\inetpub\wwwroot\prj\protected\controllers\SiteController.php(43): CController->render()
#12 C:\inetpub\wwwroot\prj\framework\web\actions\CInlineAction.php(49): SiteController->actionError()
#13 C:\inetpub\wwwroot\prj\framework\web\CController.php(308): CInlineAction->runWithParams()
#14 C:\inetpub\wwwroot\prj\framework\web\CController.php(286): CController->runAction()
#15 C:\inetpub\wwwroot\prj\framework\web\CController.php(265): CController->runActionWithFilters()
#16 C:\inetpub\wwwroot\prj\framework\web\CWebApplication.php(282): CController->run()
#17 C:\inetpub\wwwroot\prj\framework\base\CErrorHandler.php(368): CWebApplication->runController()
#18 C:\inetpub\wwwroot\prj\framework\base\CErrorHandler.php(351): CErrorHandler->renderError()
#19 C:\inetpub\wwwroot\prj\framework\base\CErrorHandler.php(218): CErrorHandler->renderException()
#20 C:\inetpub\wwwroot\prj\framework\base\CErrorHandler.php(131): CErrorHandler->handleException()
#21 C:\inetpub\wwwroot\prj\framework\base\CApplication.php(750): CErrorHandler->handle()
#22 [internal function]: CApplication->handleException()
#23 {main}
  thrown in C:\inetpub\wwwroot\prj\themes\blackboot_release\views\layouts\main.php on line 74
[27-Sep-2024 10:29:43 UTC] PHP Parse error:  Unmatched ')' in C:\inetpub\wwwroot\prj\themes\blackboot\views\layouts\main.php on line 114
